<?xml version="1.0" encoding="UTF-8"?>
<!-- Generated by org.testng.reporters.JUnitXMLReporter -->
<testsuite ignored="3" hostname="JSAMateBookD15" failures="0" tests="1" name="Default test" time="1.697" errors="0" timestamp="2024-01-26T15:44:38 IST">
  <testcase classname="doc.restusage.bExamples.Rest05000_GettingResponseData" name="extractValuesFromResponseMultipleValues" time="1.661"/>
  <testcase classname="doc.restusage.bExamples.Rest05000_GettingResponseData" name="getResponseData" time="0.0">
    <ignored/>
  </testcase> <!-- getResponseData -->
  <testcase classname="doc.restusage.bExamples.Rest05000_GettingResponseData" name="extractValuesFromResponse" time="0.0">
    <ignored/>
  </testcase> <!-- extractValuesFromResponse -->
  <testcase classname="doc.restusage.bExamples.Rest05000_GettingResponseData" name="extractValuesFromResponseUsingJsonpath" time="0.0">
    <ignored/>
  </testcase> <!-- extractValuesFromResponseUsingJsonpath -->
</testsuite> <!-- Default test -->
