<?xml version="1.0" encoding="UTF-8"?>
<testng-results ignored="0" total="1" passed="1" failed="0" skipped="0">
  <reporter-output>
  </reporter-output>
  <suite started-at="2024-01-26T15:44:36 IST" name="Default suite" finished-at="2024-01-26T15:44:38 IST" duration-ms="1697">
    <groups>
    </groups>
    <test started-at="2024-01-26T15:44:36 IST" name="Default test" finished-at="2024-01-26T15:44:38 IST" duration-ms="1697">
      <class name="doc.restusage.bExamples.Rest05000_GettingResponseData">
        <test-method signature="extractValuesFromResponseMultipleValues()[pri:3, instance:doc.restusage.bExamples.Rest05000_GettingResponseData@29215f06]" started-at="2024-01-26T15:44:36 IST" name="extractValuesFromResponseMultipleValues" finished-at="2024-01-26T15:44:38 IST" duration-ms="1661" status="PASS">
          <reporter-output>
          </reporter-output>
        </test-method> <!-- extractValuesFromResponseMultipleValues -->
      </class> <!-- doc.restusage.bExamples.Rest05000_GettingResponseData -->
    </test> <!-- Default test -->
  </suite> <!-- Default suite -->
</testng-results>
